<?xml version="1.0" encoding="UTF-8"?>
<testsuite xmlns:xsi="http://www.w3.org/2001/XMLSchema-instance" xsi:noNamespaceSchemaLocation="https://maven.apache.org/surefire/maven-surefire-plugin/xsd/surefire-test-report.xsd" name="TestTest" time="0.038" tests="2" errors="0" skipped="0" failures="1">
  <properties>
    <property name="java.specification.version" value="13"/>
    <property name="sun.cpu.isalist" value="amd64"/>
    <property name="sun.jnu.encoding" value="Cp1252"/>
    <property name="java.class.path" value="C:\Users\emilv\OneDrive\Softwareudvikling\2. Semester\Systemintegration\soft2020fall-si\code\LSD-pipeline-assignment\target\test-classes;C:\Users\emilv\OneDrive\Softwareudvikling\2. Semester\Systemintegration\soft2020fall-si\code\LSD-pipeline-assignment\target\classes;C:\Users\emilv\.m2\repository\junit\junit\4.12\junit-4.12.jar;C:\Users\emilv\.m2\repository\org\hamcrest\hamcrest-core\1.3\hamcrest-core-1.3.jar;C:\Users\emilv\.m2\repository\org\junit\jupiter\junit-jupiter\5.7.0\junit-jupiter-5.7.0.jar;C:\Users\emilv\.m2\repository\org\junit\jupiter\junit-jupiter-api\5.7.0\junit-jupiter-api-5.7.0.jar;C:\Users\emilv\.m2\repository\org\apiguardian\apiguardian-api\1.1.0\apiguardian-api-1.1.0.jar;C:\Users\emilv\.m2\repository\org\opentest4j\opentest4j\1.2.0\opentest4j-1.2.0.jar;C:\Users\emilv\.m2\repository\org\junit\platform\junit-platform-commons\1.7.0\junit-platform-commons-1.7.0.jar;C:\Users\emilv\.m2\repository\org\junit\jupiter\junit-jupiter-params\5.7.0\junit-jupiter-params-5.7.0.jar;C:\Users\emilv\.m2\repository\org\junit\jupiter\junit-jupiter-engine\5.7.0\junit-jupiter-engine-5.7.0.jar;C:\Users\emilv\.m2\repository\org\junit\platform\junit-platform-engine\1.7.0\junit-platform-engine-1.7.0.jar;"/>
    <property name="java.vm.vendor" value="Oracle Corporation"/>
    <property name="sun.arch.data.model" value="64"/>
    <property name="user.variant" value=""/>
    <property name="java.vendor.url" value="https://java.oracle.com/"/>
    <property name="os.name" value="Windows 10"/>
    <property name="java.vm.specification.version" value="13"/>
    <property name="sun.java.launcher" value="SUN_STANDARD"/>
    <property name="user.country" value="GB"/>
    <property name="sun.boot.library.path" value="C:\Program Files\Java\jdk-13.0.2\bin"/>
    <property name="sun.java.command" value="C:\Users\emilv\AppData\Local\Temp\surefire1136882625734246484\surefirebooter2899018180848137038.jar C:\Users\emilv\AppData\Local\Temp\surefire1136882625734246484 2020-10-29T14-33-36_606-jvmRun1 surefire2863317097564643183tmp surefire_012835561033883385761tmp"/>
    <property name="jdk.debug" value="release"/>
    <property name="surefire.test.class.path" value="C:\Users\emilv\OneDrive\Softwareudvikling\2. Semester\Systemintegration\soft2020fall-si\code\LSD-pipeline-assignment\target\test-classes;C:\Users\emilv\OneDrive\Softwareudvikling\2. Semester\Systemintegration\soft2020fall-si\code\LSD-pipeline-assignment\target\classes;C:\Users\emilv\.m2\repository\junit\junit\4.12\junit-4.12.jar;C:\Users\emilv\.m2\repository\org\hamcrest\hamcrest-core\1.3\hamcrest-core-1.3.jar;C:\Users\emilv\.m2\repository\org\junit\jupiter\junit-jupiter\5.7.0\junit-jupiter-5.7.0.jar;C:\Users\emilv\.m2\repository\org\junit\jupiter\junit-jupiter-api\5.7.0\junit-jupiter-api-5.7.0.jar;C:\Users\emilv\.m2\repository\org\apiguardian\apiguardian-api\1.1.0\apiguardian-api-1.1.0.jar;C:\Users\emilv\.m2\repository\org\opentest4j\opentest4j\1.2.0\opentest4j-1.2.0.jar;C:\Users\emilv\.m2\repository\org\junit\platform\junit-platform-commons\1.7.0\junit-platform-commons-1.7.0.jar;C:\Users\emilv\.m2\repository\org\junit\jupiter\junit-jupiter-params\5.7.0\junit-jupiter-params-5.7.0.jar;C:\Users\emilv\.m2\repository\org\junit\jupiter\junit-jupiter-engine\5.7.0\junit-jupiter-engine-5.7.0.jar;C:\Users\emilv\.m2\repository\org\junit\platform\junit-platform-engine\1.7.0\junit-platform-engine-1.7.0.jar;"/>
    <property name="sun.cpu.endian" value="little"/>
    <property name="user.home" value="C:\Users\emilv"/>
    <property name="user.language" value="en"/>
    <property name="java.specification.vendor" value="Oracle Corporation"/>
    <property name="java.version.date" value="2020-01-14"/>
    <property name="java.home" value="C:\Program Files\Java\jdk-13.0.2"/>
    <property name="basedir" value="C:\Users\emilv\OneDrive\Softwareudvikling\2. Semester\Systemintegration\soft2020fall-si\code\LSD-pipeline-assignment"/>
    <property name="file.separator" value="\"/>
    <property name="java.vm.compressedOopsMode" value="Zero based"/>
    <property name="line.separator" value="&#10;"/>
    <property name="java.vm.specification.vendor" value="Oracle Corporation"/>
    <property name="java.specification.name" value="Java Platform API Specification"/>
    <property name="surefire.real.class.path" value="C:\Users\emilv\AppData\Local\Temp\surefire1136882625734246484\surefirebooter2899018180848137038.jar"/>
    <property name="user.script" value=""/>
    <property name="sun.management.compiler" value="HotSpot 64-Bit Tiered Compilers"/>
    <property name="java.runtime.version" value="13.0.2+8"/>
    <property name="user.name" value="emilv"/>
    <property name="path.separator" value=";"/>
    <property name="os.version" value="10.0"/>
    <property name="java.runtime.name" value="Java(TM) SE Runtime Environment"/>
    <property name="file.encoding" value="Cp1252"/>
    <property name="java.vm.name" value="Java HotSpot(TM) 64-Bit Server VM"/>
    <property name="localRepository" value="C:\Users\emilv\.m2\repository"/>
    <property name="java.vendor.url.bug" value="https://bugreport.java.com/bugreport/"/>
    <property name="java.io.tmpdir" value="C:\Users\emilv\AppData\Local\Temp\"/>
    <property name="java.version" value="13.0.2"/>
    <property name="user.dir" value="C:\Users\emilv\OneDrive\Softwareudvikling\2. Semester\Systemintegration\soft2020fall-si\code\LSD-pipeline-assignment"/>
    <property name="os.arch" value="amd64"/>
    <property name="java.vm.specification.name" value="Java Virtual Machine Specification"/>
    <property name="sun.os.patch.level" value=""/>
    <property name="idea.version2019.3.5" value="true"/>
    <property name="java.library.path" value="C:\Program Files\Java\jdk-13.0.2\bin;C:\WINDOWS\Sun\Java\bin;C:\WINDOWS\system32;C:\WINDOWS;C:\Perl64\bin;C:\Users\emilv\AppData\Roaming\ActiveState\bin;C:\Windows\system32;C:\Windows;C:\Windows\System32\Wbem;C:\Windows\System32\WindowsPowerShell\v1.0\;C:\Windows\System32\OpenSSH\;C:\Program Files\NVIDIA Corporation\NVIDIA NvDLISR;C:\Program Files (x86)\NVIDIA Corporation\PhysX\Common;C:\Program Files\nodejs\;C:\WINDOWS\system32;C:\WINDOWS;C:\WINDOWS\System32\Wbem;C:\WINDOWS\System32\WindowsPowerShell\v1.0\;C:\WINDOWS\System32\OpenSSH\;C:\Program Files\dotnet\;C:\Program Files\Microsoft SQL Server\130\Tools\Binn\;C:\Program Files\Microsoft SQL Server\Client SDK\ODBC\170\Tools\Binn\;C:\Program Files\Git\cmd;C:\Program Files\MiKTeX\miktex\bin\x64\;C:\ProgramData\chocolatey\bin;;C:\Program Files\Docker\Docker\resources\bin;C:\ProgramData\DockerDesktop\version-bin;C:\Users\emilv\AppData\Local\Programs\Python\Python37\Scripts\;C:\Users\emilv\AppData\Local\Programs\Python\Python37\;C:\Users\emilv\AppData\Local\Microsoft\WindowsApps;C:\Users\emilv\AppData\Local\Programs\Microsoft VS Code\bin;C:\Program Files\PostgreSQL\12\bin;C:\Program Files\MongoDB\Server\4.2\bin;C:\Users\emilv\AppData\Roaming\npm;C:\Users\emilv\.dotnet\tools;."/>
    <property name="java.vm.info" value="mixed mode, sharing"/>
    <property name="java.vendor" value="Oracle Corporation"/>
    <property name="java.vm.version" value="13.0.2+8"/>
    <property name="sun.io.unicode.encoding" value="UnicodeLittle"/>
    <property name="java.class.version" value="57.0"/>
  </properties>
  <testcase name="TestquickFailing" classname="TestTest" time="0.033">
    <failure message="expected: &lt;1&gt; but was: &lt;2&gt;" type="org.opentest4j.AssertionFailedError"><![CDATA[org.opentest4j.AssertionFailedError: expected: <1> but was: <2>
	at TestTest.TestquickFailing(TestTest.java:14)
]]></failure>
  </testcase>
  <testcase name="quickTest" classname="TestTest" time="0"/>
</testsuite>